<?xml version="1.0" encoding="UTF-8"?>
<!-- Generated by org.testng.reporters.JUnitReportReporter -->
<testsuite hostname="LAPTOP-01Q950H6" failures="0" tests="1" name="testCases.TC002_LoginTest" time="1.560" errors="0" timestamp="2024-10-24T14:17:01 IST" skipped="0">
  <testcase classname="testCases.TC002_LoginTest" name="verify_login" time="1.560"/>
</testsuite> <!-- testCases.TC002_LoginTest -->
